<?xml version="1.0" encoding="UTF-8"?>
<!-- Generated by org.testng.reporters.JUnitReportReporter -->
<testsuite skipped="0" hostname="Lenovo-PC" name="org.tcs.test.Configr" tests="1" failures="0" timestamp="09 Jul 2019 11:36:00 GMT" time="0.021" errors="0">
  <testcase name="getUrl" time="0.021" classname="org.tcs.test.Configr"/>
</testsuite> <!-- org.tcs.test.Configr -->
